2022-02-02 11:03:25.515  INFO 25344 --- [restartedMain] c.b.rentACar.RentACarApplication         : Starting RentACarApplication using Java 17 on AMBELOKIPI with PID 25344 (C:\Users\yalci\git\rentACar\target\classes started by yalci in C:\Users\yalci\git\rentACar)
2022-02-02 11:03:25.517  INFO 25344 --- [restartedMain] c.b.rentACar.RentACarApplication         : No active profile set, falling back to default profiles: default
2022-02-02 11:03:25.578  INFO 25344 --- [restartedMain] .e.DevToolsPropertyDefaultsPostProcessor : Devtools property defaults active! Set 'spring.devtools.add-properties' to 'false' to disable
2022-02-02 11:03:25.578  INFO 25344 --- [restartedMain] .e.DevToolsPropertyDefaultsPostProcessor : For additional web related logging consider setting the 'logging.level.web' property to 'DEBUG'
2022-02-02 11:03:26.747  INFO 25344 --- [restartedMain] .s.d.r.c.RepositoryConfigurationDelegate : Bootstrapping Spring Data JPA repositories in DEFAULT mode.
2022-02-02 11:03:26.913  INFO 25344 --- [restartedMain] .s.d.r.c.RepositoryConfigurationDelegate : Finished Spring Data repository scanning in 154 ms. Found 21 JPA repository interfaces.
2022-02-02 11:03:27.732  INFO 25344 --- [restartedMain] o.s.b.w.embedded.tomcat.TomcatWebServer  : Tomcat initialized with port(s): 8080 (http)
2022-02-02 11:03:27.749  INFO 25344 --- [restartedMain] o.apache.catalina.core.StandardService   : Starting service [Tomcat]
2022-02-02 11:03:27.749  INFO 25344 --- [restartedMain] org.apache.catalina.core.StandardEngine  : Starting Servlet engine: [Apache Tomcat/9.0.56]
2022-02-02 11:03:27.837  INFO 25344 --- [restartedMain] o.a.c.c.C.[Tomcat].[localhost].[/]       : Initializing Spring embedded WebApplicationContext
2022-02-02 11:03:27.838  INFO 25344 --- [restartedMain] w.s.c.ServletWebServerApplicationContext : Root WebApplicationContext: initialization completed in 2259 ms
2022-02-02 11:03:28.041  INFO 25344 --- [restartedMain] o.hibernate.jpa.internal.util.LogHelper  : HHH000204: Processing PersistenceUnitInfo [name: default]
2022-02-02 11:03:28.131  INFO 25344 --- [restartedMain] org.hibernate.Version                    : HHH000412: Hibernate ORM core version 5.6.3.Final
2022-02-02 11:03:28.373  INFO 25344 --- [restartedMain] o.hibernate.annotations.common.Version   : HCANN000001: Hibernate Commons Annotations {5.1.2.Final}
2022-02-02 11:03:28.483  INFO 25344 --- [restartedMain] com.zaxxer.hikari.HikariDataSource       : HikariPool-1 - Starting...
2022-02-02 11:03:28.724  INFO 25344 --- [restartedMain] com.zaxxer.hikari.HikariDataSource       : HikariPool-1 - Start completed.
2022-02-02 11:03:28.759  INFO 25344 --- [restartedMain] org.hibernate.dialect.Dialect            : HHH000400: Using dialect: org.hibernate.dialect.PostgreSQLDialect
2022-02-02 11:03:29.986  INFO 25344 --- [restartedMain] o.h.e.t.j.p.i.JtaPlatformInitiator       : HHH000490: Using JtaPlatform implementation: [org.hibernate.engine.transaction.jta.platform.internal.NoJtaPlatform]
2022-02-02 11:03:29.994  INFO 25344 --- [restartedMain] j.LocalContainerEntityManagerFactoryBean : Initialized JPA EntityManagerFactory for persistence unit 'default'
2022-02-02 11:03:31.045  WARN 25344 --- [restartedMain] JpaBaseConfiguration$JpaWebConfiguration : spring.jpa.open-in-view is enabled by default. Therefore, database queries may be performed during view rendering. Explicitly configure spring.jpa.open-in-view to disable this warning
2022-02-02 11:03:31.861  INFO 25344 --- [restartedMain] o.s.b.d.a.OptionalLiveReloadServer       : LiveReload server is running on port 35729
2022-02-02 11:03:31.907  INFO 25344 --- [restartedMain] o.s.b.w.embedded.tomcat.TomcatWebServer  : Tomcat started on port(s): 8080 (http) with context path ''
2022-02-02 11:03:31.918  INFO 25344 --- [restartedMain] c.b.rentACar.RentACarApplication         : Started RentACarApplication in 6.872 seconds (JVM running for 7.423)
2022-02-02 11:04:47.525  INFO 25344 --- [Thread-5] j.LocalContainerEntityManagerFactoryBean : Closing JPA EntityManagerFactory for persistence unit 'default'
2022-02-02 11:04:47.527  INFO 25344 --- [Thread-5] com.zaxxer.hikari.HikariDataSource       : HikariPool-1 - Shutdown initiated...
2022-02-02 11:04:47.531  INFO 25344 --- [Thread-5] com.zaxxer.hikari.HikariDataSource       : HikariPool-1 - Shutdown completed.
2022-02-02 11:04:47.601  INFO 25344 --- [restartedMain] c.b.rentACar.RentACarApplication         : Starting RentACarApplication using Java 17 on AMBELOKIPI with PID 25344 (C:\Users\yalci\git\rentACar\target\classes started by yalci in C:\Users\yalci\git\rentACar)
2022-02-02 11:04:47.602  INFO 25344 --- [restartedMain] c.b.rentACar.RentACarApplication         : No active profile set, falling back to default profiles: default
2022-02-02 11:04:47.903  INFO 25344 --- [restartedMain] .s.d.r.c.RepositoryConfigurationDelegate : Bootstrapping Spring Data JPA repositories in DEFAULT mode.
2022-02-02 11:04:47.990  INFO 25344 --- [restartedMain] .s.d.r.c.RepositoryConfigurationDelegate : Finished Spring Data repository scanning in 87 ms. Found 21 JPA repository interfaces.
2022-02-02 11:04:48.085  INFO 25344 --- [restartedMain] o.s.b.w.embedded.tomcat.TomcatWebServer  : Tomcat initialized with port(s): 8080 (http)
2022-02-02 11:04:48.091  INFO 25344 --- [restartedMain] o.apache.catalina.core.StandardService   : Starting service [Tomcat]
2022-02-02 11:04:48.094  INFO 25344 --- [restartedMain] org.apache.catalina.core.StandardEngine  : Starting Servlet engine: [Apache Tomcat/9.0.56]
2022-02-02 11:04:48.115  INFO 25344 --- [restartedMain] o.a.c.c.C.[Tomcat].[localhost].[/]       : Initializing Spring embedded WebApplicationContext
2022-02-02 11:04:48.115  INFO 25344 --- [restartedMain] w.s.c.ServletWebServerApplicationContext : Root WebApplicationContext: initialization completed in 511 ms
2022-02-02 11:04:48.157  INFO 25344 --- [restartedMain] o.hibernate.jpa.internal.util.LogHelper  : HHH000204: Processing PersistenceUnitInfo [name: default]
2022-02-02 11:04:48.162  INFO 25344 --- [restartedMain] com.zaxxer.hikari.HikariDataSource       : HikariPool-2 - Starting...
2022-02-02 11:04:48.232  INFO 25344 --- [restartedMain] com.zaxxer.hikari.HikariDataSource       : HikariPool-2 - Start completed.
2022-02-02 11:04:48.232  INFO 25344 --- [restartedMain] org.hibernate.dialect.Dialect            : HHH000400: Using dialect: org.hibernate.dialect.PostgreSQLDialect
2022-02-02 11:04:48.714  INFO 25344 --- [restartedMain] o.h.e.t.j.p.i.JtaPlatformInitiator       : HHH000490: Using JtaPlatform implementation: [org.hibernate.engine.transaction.jta.platform.internal.NoJtaPlatform]
2022-02-02 11:04:48.714  INFO 25344 --- [restartedMain] j.LocalContainerEntityManagerFactoryBean : Initialized JPA EntityManagerFactory for persistence unit 'default'
2022-02-02 11:04:49.200  WARN 25344 --- [restartedMain] JpaBaseConfiguration$JpaWebConfiguration : spring.jpa.open-in-view is enabled by default. Therefore, database queries may be performed during view rendering. Explicitly configure spring.jpa.open-in-view to disable this warning
2022-02-02 11:04:49.479  INFO 25344 --- [restartedMain] o.s.b.d.a.OptionalLiveReloadServer       : LiveReload server is running on port 35729
2022-02-02 11:04:49.488  INFO 25344 --- [restartedMain] o.s.b.w.embedded.tomcat.TomcatWebServer  : Tomcat started on port(s): 8080 (http) with context path ''
2022-02-02 11:04:49.493  INFO 25344 --- [restartedMain] c.b.rentACar.RentACarApplication         : Started RentACarApplication in 1.918 seconds (JVM running for 85.0)
2022-02-02 11:04:49.535  INFO 25344 --- [restartedMain] .ConditionEvaluationDeltaLoggingListener : Condition evaluation unchanged
2022-02-02 11:04:52.042  INFO 25344 --- [Thread-7] j.LocalContainerEntityManagerFactoryBean : Closing JPA EntityManagerFactory for persistence unit 'default'
2022-02-02 11:04:52.042  INFO 25344 --- [Thread-7] com.zaxxer.hikari.HikariDataSource       : HikariPool-2 - Shutdown initiated...
2022-02-02 11:04:52.044  INFO 25344 --- [Thread-7] com.zaxxer.hikari.HikariDataSource       : HikariPool-2 - Shutdown completed.
2022-02-02 11:04:52.116  INFO 25344 --- [restartedMain] c.b.rentACar.RentACarApplication         : Starting RentACarApplication using Java 17 on AMBELOKIPI with PID 25344 (C:\Users\yalci\git\rentACar\target\classes started by yalci in C:\Users\yalci\git\rentACar)
2022-02-02 11:04:52.116  INFO 25344 --- [restartedMain] c.b.rentACar.RentACarApplication         : No active profile set, falling back to default profiles: default
2022-02-02 11:04:52.437  INFO 25344 --- [restartedMain] .s.d.r.c.RepositoryConfigurationDelegate : Bootstrapping Spring Data JPA repositories in DEFAULT mode.
2022-02-02 11:04:52.533  INFO 25344 --- [restartedMain] .s.d.r.c.RepositoryConfigurationDelegate : Finished Spring Data repository scanning in 95 ms. Found 21 JPA repository interfaces.
2022-02-02 11:04:52.607  INFO 25344 --- [restartedMain] o.s.b.w.embedded.tomcat.TomcatWebServer  : Tomcat initialized with port(s): 8080 (http)
2022-02-02 11:04:52.608  INFO 25344 --- [restartedMain] o.apache.catalina.core.StandardService   : Starting service [Tomcat]
2022-02-02 11:04:52.608  INFO 25344 --- [restartedMain] org.apache.catalina.core.StandardEngine  : Starting Servlet engine: [Apache Tomcat/9.0.56]
2022-02-02 11:04:52.623  INFO 25344 --- [restartedMain] o.a.c.c.C.[Tomcat].[localhost].[/]       : Initializing Spring embedded WebApplicationContext
2022-02-02 11:04:52.623  INFO 25344 --- [restartedMain] w.s.c.ServletWebServerApplicationContext : Root WebApplicationContext: initialization completed in 504 ms
2022-02-02 11:04:52.652  INFO 25344 --- [restartedMain] o.hibernate.jpa.internal.util.LogHelper  : HHH000204: Processing PersistenceUnitInfo [name: default]
2022-02-02 11:04:52.656  INFO 25344 --- [restartedMain] com.zaxxer.hikari.HikariDataSource       : HikariPool-3 - Starting...
2022-02-02 11:04:52.712  INFO 25344 --- [restartedMain] com.zaxxer.hikari.HikariDataSource       : HikariPool-3 - Start completed.
2022-02-02 11:04:52.713  INFO 25344 --- [restartedMain] org.hibernate.dialect.Dialect            : HHH000400: Using dialect: org.hibernate.dialect.PostgreSQLDialect
2022-02-02 11:04:53.095  INFO 25344 --- [restartedMain] o.h.e.t.j.p.i.JtaPlatformInitiator       : HHH000490: Using JtaPlatform implementation: [org.hibernate.engine.transaction.jta.platform.internal.NoJtaPlatform]
2022-02-02 11:04:53.095  INFO 25344 --- [restartedMain] j.LocalContainerEntityManagerFactoryBean : Initialized JPA EntityManagerFactory for persistence unit 'default'
2022-02-02 11:04:53.502  WARN 25344 --- [restartedMain] JpaBaseConfiguration$JpaWebConfiguration : spring.jpa.open-in-view is enabled by default. Therefore, database queries may be performed during view rendering. Explicitly configure spring.jpa.open-in-view to disable this warning
2022-02-02 11:04:53.721  INFO 25344 --- [restartedMain] o.s.b.d.a.OptionalLiveReloadServer       : LiveReload server is running on port 35729
2022-02-02 11:04:53.727  INFO 25344 --- [restartedMain] o.s.b.w.embedded.tomcat.TomcatWebServer  : Tomcat started on port(s): 8080 (http) with context path ''
2022-02-02 11:04:53.731  INFO 25344 --- [restartedMain] c.b.rentACar.RentACarApplication         : Started RentACarApplication in 1.642 seconds (JVM running for 89.238)
2022-02-02 11:04:53.779  INFO 25344 --- [restartedMain] .ConditionEvaluationDeltaLoggingListener : Condition evaluation unchanged
2022-02-02 11:04:53.826  INFO 25344 --- [http-nio-8080-exec-1] o.a.c.c.C.[Tomcat].[localhost].[/]       : Initializing Spring DispatcherServlet 'dispatcherServlet'
2022-02-02 11:04:53.826  INFO 25344 --- [http-nio-8080-exec-1] o.s.web.servlet.DispatcherServlet        : Initializing Servlet 'dispatcherServlet'
2022-02-02 11:04:53.827  INFO 25344 --- [http-nio-8080-exec-1] o.s.web.servlet.DispatcherServlet        : Completed initialization in 1 ms
